2018-07-11 08:48:32.195  INFO 10337 --- [main] io.anhkhue.more.MoreApplication          : Starting MoreApplication on anhkhue-GL552JX with PID 10337 (/home/anh-khue/Documents/movies-rating-analysis/more/target/classes started by anh-khue in /home/anh-khue/Documents/movies-rating-analysis/more)
2018-07-11 08:48:32.214  INFO 10337 --- [main] io.anhkhue.more.MoreApplication          : No active profile set, falling back to default profiles: default
2018-07-11 08:48:32.336  INFO 10337 --- [main] ConfigServletWebServerApplicationContext : Refreshing org.springframework.boot.web.servlet.context.AnnotationConfigServletWebServerApplicationContext@1fe20588: startup date [Wed Jul 11 08:48:32 ICT 2018]; root of context hierarchy
2018-07-11 08:48:34.504  INFO 10337 --- [main] trationDelegate$BeanPostProcessorChecker : Bean 'org.springframework.transaction.annotation.ProxyTransactionManagementConfiguration' of type [org.springframework.transaction.annotation.ProxyTransactionManagementConfiguration$$EnhancerBySpringCGLIB$$e2376676] is not eligible for getting processed by all BeanPostProcessors (for example: not eligible for auto-proxying)
2018-07-11 08:48:34.898  INFO 10337 --- [main] o.s.b.w.embedded.tomcat.TomcatWebServer  : Tomcat initialized with port(s): 8080 (http)
2018-07-11 08:48:34.946  INFO 10337 --- [main] o.apache.catalina.core.StandardService   : Starting service [Tomcat]
2018-07-11 08:48:34.946  INFO 10337 --- [main] org.apache.catalina.core.StandardEngine  : Starting Servlet Engine: Apache Tomcat/8.5.31
2018-07-11 08:48:34.950  INFO 10337 --- [localhost-startStop-1] o.a.catalina.core.AprLifecycleListener   : The APR based Apache Tomcat Native library which allows optimal performance in production environments was not found on the java.library.path: [/usr/java/packages/lib/amd64:/usr/lib64:/lib64:/lib:/usr/lib]
2018-07-11 08:48:35.169  WARN 10337 --- [localhost-startStop-1] o.a.tomcat.util.scan.StandardJarScanner  : Failed to scan [file:/home/anh-khue/.m2/repository/org/apache/xmlgraphics/fop/1.0/fop-hyph.jar] from classloader hierarchy

java.io.FileNotFoundException: /home/anh-khue/.m2/repository/org/apache/xmlgraphics/fop/1.0/fop-hyph.jar (No such file or directory)
	at java.util.zip.ZipFile.open(Native Method) ~[na:1.8.0_171]
	at java.util.zip.ZipFile.<init>(ZipFile.java:225) ~[na:1.8.0_171]
	at java.util.zip.ZipFile.<init>(ZipFile.java:155) ~[na:1.8.0_171]
	at java.util.jar.JarFile.<init>(JarFile.java:166) ~[na:1.8.0_171]
	at java.util.jar.JarFile.<init>(JarFile.java:130) ~[na:1.8.0_171]
	at org.apache.tomcat.util.compat.JreCompat.jarFileNewInstance(JreCompat.java:188) ~[tomcat-embed-core-8.5.31.jar:8.5.31]
	at org.apache.tomcat.util.scan.JarFileUrlJar.<init>(JarFileUrlJar.java:65) ~[tomcat-embed-core-8.5.31.jar:8.5.31]
	at org.apache.tomcat.util.scan.JarFactory.newInstance(JarFactory.java:49) ~[tomcat-embed-core-8.5.31.jar:8.5.31]
	at org.apache.tomcat.util.scan.StandardJarScanner.process(StandardJarScanner.java:374) [tomcat-embed-core-8.5.31.jar:8.5.31]
	at org.apache.tomcat.util.scan.StandardJarScanner.processURLs(StandardJarScanner.java:309) [tomcat-embed-core-8.5.31.jar:8.5.31]
	at org.apache.tomcat.util.scan.StandardJarScanner.doScanClassPath(StandardJarScanner.java:266) [tomcat-embed-core-8.5.31.jar:8.5.31]
	at org.apache.tomcat.util.scan.StandardJarScanner.scan(StandardJarScanner.java:229) [tomcat-embed-core-8.5.31.jar:8.5.31]
	at org.apache.jasper.servlet.TldScanner.scanJars(TldScanner.java:262) [tomcat-embed-jasper-8.5.31.jar:8.5.31]
	at org.apache.jasper.servlet.TldScanner.scan(TldScanner.java:104) [tomcat-embed-jasper-8.5.31.jar:8.5.31]
	at org.apache.jasper.servlet.JasperInitializer.onStartup(JasperInitializer.java:101) [tomcat-embed-jasper-8.5.31.jar:8.5.31]
	at org.apache.catalina.core.StandardContext.startInternal(StandardContext.java:5245) [tomcat-embed-core-8.5.31.jar:8.5.31]
	at org.apache.catalina.util.LifecycleBase.start(LifecycleBase.java:150) [tomcat-embed-core-8.5.31.jar:8.5.31]
	at org.apache.catalina.core.ContainerBase$StartChild.call(ContainerBase.java:1421) [tomcat-embed-core-8.5.31.jar:8.5.31]
	at org.apache.catalina.core.ContainerBase$StartChild.call(ContainerBase.java:1411) [tomcat-embed-core-8.5.31.jar:8.5.31]
	at java.util.concurrent.FutureTask.run(FutureTask.java:266) [na:1.8.0_171]
	at java.util.concurrent.ThreadPoolExecutor.runWorker(ThreadPoolExecutor.java:1149) [na:1.8.0_171]
	at java.util.concurrent.ThreadPoolExecutor$Worker.run(ThreadPoolExecutor.java:624) [na:1.8.0_171]
	at java.lang.Thread.run(Thread.java:748) [na:1.8.0_171]

2018-07-11 08:48:35.170  WARN 10337 --- [localhost-startStop-1] o.a.tomcat.util.scan.StandardJarScanner  : Failed to scan [file:/home/anh-khue/.m2/repository/org/apache/xmlgraphics/fop/1.0/servlet-2.2.jar] from classloader hierarchy

java.io.FileNotFoundException: /home/anh-khue/.m2/repository/org/apache/xmlgraphics/fop/1.0/servlet-2.2.jar (No such file or directory)
	at java.util.zip.ZipFile.open(Native Method) ~[na:1.8.0_171]
	at java.util.zip.ZipFile.<init>(ZipFile.java:225) ~[na:1.8.0_171]
	at java.util.zip.ZipFile.<init>(ZipFile.java:155) ~[na:1.8.0_171]
	at java.util.jar.JarFile.<init>(JarFile.java:166) ~[na:1.8.0_171]
	at java.util.jar.JarFile.<init>(JarFile.java:130) ~[na:1.8.0_171]
	at org.apache.tomcat.util.compat.JreCompat.jarFileNewInstance(JreCompat.java:188) ~[tomcat-embed-core-8.5.31.jar:8.5.31]
	at org.apache.tomcat.util.scan.JarFileUrlJar.<init>(JarFileUrlJar.java:65) ~[tomcat-embed-core-8.5.31.jar:8.5.31]
	at org.apache.tomcat.util.scan.JarFactory.newInstance(JarFactory.java:49) ~[tomcat-embed-core-8.5.31.jar:8.5.31]
	at org.apache.tomcat.util.scan.StandardJarScanner.process(StandardJarScanner.java:374) [tomcat-embed-core-8.5.31.jar:8.5.31]
	at org.apache.tomcat.util.scan.StandardJarScanner.processURLs(StandardJarScanner.java:309) [tomcat-embed-core-8.5.31.jar:8.5.31]
	at org.apache.tomcat.util.scan.StandardJarScanner.doScanClassPath(StandardJarScanner.java:266) [tomcat-embed-core-8.5.31.jar:8.5.31]
	at org.apache.tomcat.util.scan.StandardJarScanner.scan(StandardJarScanner.java:229) [tomcat-embed-core-8.5.31.jar:8.5.31]
	at org.apache.jasper.servlet.TldScanner.scanJars(TldScanner.java:262) [tomcat-embed-jasper-8.5.31.jar:8.5.31]
	at org.apache.jasper.servlet.TldScanner.scan(TldScanner.java:104) [tomcat-embed-jasper-8.5.31.jar:8.5.31]
	at org.apache.jasper.servlet.JasperInitializer.onStartup(JasperInitializer.java:101) [tomcat-embed-jasper-8.5.31.jar:8.5.31]
	at org.apache.catalina.core.StandardContext.startInternal(StandardContext.java:5245) [tomcat-embed-core-8.5.31.jar:8.5.31]
	at org.apache.catalina.util.LifecycleBase.start(LifecycleBase.java:150) [tomcat-embed-core-8.5.31.jar:8.5.31]
	at org.apache.catalina.core.ContainerBase$StartChild.call(ContainerBase.java:1421) [tomcat-embed-core-8.5.31.jar:8.5.31]
	at org.apache.catalina.core.ContainerBase$StartChild.call(ContainerBase.java:1411) [tomcat-embed-core-8.5.31.jar:8.5.31]
	at java.util.concurrent.FutureTask.run(FutureTask.java:266) [na:1.8.0_171]
	at java.util.concurrent.ThreadPoolExecutor.runWorker(ThreadPoolExecutor.java:1149) [na:1.8.0_171]
	at java.util.concurrent.ThreadPoolExecutor$Worker.run(ThreadPoolExecutor.java:624) [na:1.8.0_171]
	at java.lang.Thread.run(Thread.java:748) [na:1.8.0_171]

2018-07-11 08:48:35.172  WARN 10337 --- [localhost-startStop-1] o.a.tomcat.util.scan.StandardJarScanner  : Failed to scan [file:/home/anh-khue/.m2/repository/org/apache/xmlgraphics/batik-js/1.7/xbean.jar] from classloader hierarchy

java.io.FileNotFoundException: /home/anh-khue/.m2/repository/org/apache/xmlgraphics/batik-js/1.7/xbean.jar (No such file or directory)
	at java.util.zip.ZipFile.open(Native Method) ~[na:1.8.0_171]
	at java.util.zip.ZipFile.<init>(ZipFile.java:225) ~[na:1.8.0_171]
	at java.util.zip.ZipFile.<init>(ZipFile.java:155) ~[na:1.8.0_171]
	at java.util.jar.JarFile.<init>(JarFile.java:166) ~[na:1.8.0_171]
	at java.util.jar.JarFile.<init>(JarFile.java:130) ~[na:1.8.0_171]
	at org.apache.tomcat.util.compat.JreCompat.jarFileNewInstance(JreCompat.java:188) ~[tomcat-embed-core-8.5.31.jar:8.5.31]
	at org.apache.tomcat.util.scan.JarFileUrlJar.<init>(JarFileUrlJar.java:65) ~[tomcat-embed-core-8.5.31.jar:8.5.31]
	at org.apache.tomcat.util.scan.JarFactory.newInstance(JarFactory.java:49) ~[tomcat-embed-core-8.5.31.jar:8.5.31]
	at org.apache.tomcat.util.scan.StandardJarScanner.process(StandardJarScanner.java:374) [tomcat-embed-core-8.5.31.jar:8.5.31]
	at org.apache.tomcat.util.scan.StandardJarScanner.processURLs(StandardJarScanner.java:309) [tomcat-embed-core-8.5.31.jar:8.5.31]
	at org.apache.tomcat.util.scan.StandardJarScanner.doScanClassPath(StandardJarScanner.java:266) [tomcat-embed-core-8.5.31.jar:8.5.31]
	at org.apache.tomcat.util.scan.StandardJarScanner.scan(StandardJarScanner.java:229) [tomcat-embed-core-8.5.31.jar:8.5.31]
	at org.apache.jasper.servlet.TldScanner.scanJars(TldScanner.java:262) [tomcat-embed-jasper-8.5.31.jar:8.5.31]
	at org.apache.jasper.servlet.TldScanner.scan(TldScanner.java:104) [tomcat-embed-jasper-8.5.31.jar:8.5.31]
	at org.apache.jasper.servlet.JasperInitializer.onStartup(JasperInitializer.java:101) [tomcat-embed-jasper-8.5.31.jar:8.5.31]
	at org.apache.catalina.core.StandardContext.startInternal(StandardContext.java:5245) [tomcat-embed-core-8.5.31.jar:8.5.31]
	at org.apache.catalina.util.LifecycleBase.start(LifecycleBase.java:150) [tomcat-embed-core-8.5.31.jar:8.5.31]
	at org.apache.catalina.core.ContainerBase$StartChild.call(ContainerBase.java:1421) [tomcat-embed-core-8.5.31.jar:8.5.31]
	at org.apache.catalina.core.ContainerBase$StartChild.call(ContainerBase.java:1411) [tomcat-embed-core-8.5.31.jar:8.5.31]
	at java.util.concurrent.FutureTask.run(FutureTask.java:266) [na:1.8.0_171]
	at java.util.concurrent.ThreadPoolExecutor.runWorker(ThreadPoolExecutor.java:1149) [na:1.8.0_171]
	at java.util.concurrent.ThreadPoolExecutor$Worker.run(ThreadPoolExecutor.java:624) [na:1.8.0_171]
	at java.lang.Thread.run(Thread.java:748) [na:1.8.0_171]

2018-07-11 08:48:35.173  WARN 10337 --- [localhost-startStop-1] o.a.tomcat.util.scan.StandardJarScanner  : Failed to scan [file:/home/anh-khue/.m2/repository/xalan/xalan/2.6.0/xercesImpl.jar] from classloader hierarchy

java.io.FileNotFoundException: /home/anh-khue/.m2/repository/xalan/xalan/2.6.0/xercesImpl.jar (No such file or directory)
	at java.util.zip.ZipFile.open(Native Method) ~[na:1.8.0_171]
	at java.util.zip.ZipFile.<init>(ZipFile.java:225) ~[na:1.8.0_171]
	at java.util.zip.ZipFile.<init>(ZipFile.java:155) ~[na:1.8.0_171]
	at java.util.jar.JarFile.<init>(JarFile.java:166) ~[na:1.8.0_171]
	at java.util.jar.JarFile.<init>(JarFile.java:130) ~[na:1.8.0_171]
	at org.apache.tomcat.util.compat.JreCompat.jarFileNewInstance(JreCompat.java:188) ~[tomcat-embed-core-8.5.31.jar:8.5.31]
	at org.apache.tomcat.util.scan.JarFileUrlJar.<init>(JarFileUrlJar.java:65) ~[tomcat-embed-core-8.5.31.jar:8.5.31]
	at org.apache.tomcat.util.scan.JarFactory.newInstance(JarFactory.java:49) ~[tomcat-embed-core-8.5.31.jar:8.5.31]
	at org.apache.tomcat.util.scan.StandardJarScanner.process(StandardJarScanner.java:374) [tomcat-embed-core-8.5.31.jar:8.5.31]
	at org.apache.tomcat.util.scan.StandardJarScanner.processURLs(StandardJarScanner.java:309) [tomcat-embed-core-8.5.31.jar:8.5.31]
	at org.apache.tomcat.util.scan.StandardJarScanner.doScanClassPath(StandardJarScanner.java:266) [tomcat-embed-core-8.5.31.jar:8.5.31]
	at org.apache.tomcat.util.scan.StandardJarScanner.scan(StandardJarScanner.java:229) [tomcat-embed-core-8.5.31.jar:8.5.31]
	at org.apache.jasper.servlet.TldScanner.scanJars(TldScanner.java:262) [tomcat-embed-jasper-8.5.31.jar:8.5.31]
	at org.apache.jasper.servlet.TldScanner.scan(TldScanner.java:104) [tomcat-embed-jasper-8.5.31.jar:8.5.31]
	at org.apache.jasper.servlet.JasperInitializer.onStartup(JasperInitializer.java:101) [tomcat-embed-jasper-8.5.31.jar:8.5.31]
	at org.apache.catalina.core.StandardContext.startInternal(StandardContext.java:5245) [tomcat-embed-core-8.5.31.jar:8.5.31]
	at org.apache.catalina.util.LifecycleBase.start(LifecycleBase.java:150) [tomcat-embed-core-8.5.31.jar:8.5.31]
	at org.apache.catalina.core.ContainerBase$StartChild.call(ContainerBase.java:1421) [tomcat-embed-core-8.5.31.jar:8.5.31]
	at org.apache.catalina.core.ContainerBase$StartChild.call(ContainerBase.java:1411) [tomcat-embed-core-8.5.31.jar:8.5.31]
	at java.util.concurrent.FutureTask.run(FutureTask.java:266) [na:1.8.0_171]
	at java.util.concurrent.ThreadPoolExecutor.runWorker(ThreadPoolExecutor.java:1149) [na:1.8.0_171]
	at java.util.concurrent.ThreadPoolExecutor$Worker.run(ThreadPoolExecutor.java:624) [na:1.8.0_171]
	at java.lang.Thread.run(Thread.java:748) [na:1.8.0_171]

2018-07-11 08:48:35.174  WARN 10337 --- [localhost-startStop-1] o.a.tomcat.util.scan.StandardJarScanner  : Failed to scan [file:/home/anh-khue/.m2/repository/xalan/xalan/2.6.0/xml-apis.jar] from classloader hierarchy

java.io.FileNotFoundException: /home/anh-khue/.m2/repository/xalan/xalan/2.6.0/xml-apis.jar (No such file or directory)
	at java.util.zip.ZipFile.open(Native Method) ~[na:1.8.0_171]
	at java.util.zip.ZipFile.<init>(ZipFile.java:225) ~[na:1.8.0_171]
	at java.util.zip.ZipFile.<init>(ZipFile.java:155) ~[na:1.8.0_171]
	at java.util.jar.JarFile.<init>(JarFile.java:166) ~[na:1.8.0_171]
	at java.util.jar.JarFile.<init>(JarFile.java:130) ~[na:1.8.0_171]
	at org.apache.tomcat.util.compat.JreCompat.jarFileNewInstance(JreCompat.java:188) ~[tomcat-embed-core-8.5.31.jar:8.5.31]
	at org.apache.tomcat.util.scan.JarFileUrlJar.<init>(JarFileUrlJar.java:65) ~[tomcat-embed-core-8.5.31.jar:8.5.31]
	at org.apache.tomcat.util.scan.JarFactory.newInstance(JarFactory.java:49) ~[tomcat-embed-core-8.5.31.jar:8.5.31]
	at org.apache.tomcat.util.scan.StandardJarScanner.process(StandardJarScanner.java:374) [tomcat-embed-core-8.5.31.jar:8.5.31]
	at org.apache.tomcat.util.scan.StandardJarScanner.processURLs(StandardJarScanner.java:309) [tomcat-embed-core-8.5.31.jar:8.5.31]
	at org.apache.tomcat.util.scan.StandardJarScanner.doScanClassPath(StandardJarScanner.java:266) [tomcat-embed-core-8.5.31.jar:8.5.31]
	at org.apache.tomcat.util.scan.StandardJarScanner.scan(StandardJarScanner.java:229) [tomcat-embed-core-8.5.31.jar:8.5.31]
	at org.apache.jasper.servlet.TldScanner.scanJars(TldScanner.java:262) [tomcat-embed-jasper-8.5.31.jar:8.5.31]
	at org.apache.jasper.servlet.TldScanner.scan(TldScanner.java:104) [tomcat-embed-jasper-8.5.31.jar:8.5.31]
	at org.apache.jasper.servlet.JasperInitializer.onStartup(JasperInitializer.java:101) [tomcat-embed-jasper-8.5.31.jar:8.5.31]
	at org.apache.catalina.core.StandardContext.startInternal(StandardContext.java:5245) [tomcat-embed-core-8.5.31.jar:8.5.31]
	at org.apache.catalina.util.LifecycleBase.start(LifecycleBase.java:150) [tomcat-embed-core-8.5.31.jar:8.5.31]
	at org.apache.catalina.core.ContainerBase$StartChild.call(ContainerBase.java:1421) [tomcat-embed-core-8.5.31.jar:8.5.31]
	at org.apache.catalina.core.ContainerBase$StartChild.call(ContainerBase.java:1411) [tomcat-embed-core-8.5.31.jar:8.5.31]
	at java.util.concurrent.FutureTask.run(FutureTask.java:266) [na:1.8.0_171]
	at java.util.concurrent.ThreadPoolExecutor.runWorker(ThreadPoolExecutor.java:1149) [na:1.8.0_171]
	at java.util.concurrent.ThreadPoolExecutor$Worker.run(ThreadPoolExecutor.java:624) [na:1.8.0_171]
	at java.lang.Thread.run(Thread.java:748) [na:1.8.0_171]

2018-07-11 08:48:35.175  WARN 10337 --- [localhost-startStop-1] o.a.tomcat.util.scan.StandardJarScanner  : Failed to scan [file:/home/anh-khue/.m2/repository/org/apache/xmlgraphics/fop/1.0/xml-apis.jar] from classloader hierarchy

java.io.FileNotFoundException: /home/anh-khue/.m2/repository/org/apache/xmlgraphics/fop/1.0/xml-apis.jar (No such file or directory)
	at java.util.zip.ZipFile.open(Native Method) ~[na:1.8.0_171]
	at java.util.zip.ZipFile.<init>(ZipFile.java:225) ~[na:1.8.0_171]
	at java.util.zip.ZipFile.<init>(ZipFile.java:155) ~[na:1.8.0_171]
	at java.util.jar.JarFile.<init>(JarFile.java:166) ~[na:1.8.0_171]
	at java.util.jar.JarFile.<init>(JarFile.java:130) ~[na:1.8.0_171]
	at org.apache.tomcat.util.compat.JreCompat.jarFileNewInstance(JreCompat.java:188) ~[tomcat-embed-core-8.5.31.jar:8.5.31]
	at org.apache.tomcat.util.scan.JarFileUrlJar.<init>(JarFileUrlJar.java:65) ~[tomcat-embed-core-8.5.31.jar:8.5.31]
	at org.apache.tomcat.util.scan.JarFactory.newInstance(JarFactory.java:49) ~[tomcat-embed-core-8.5.31.jar:8.5.31]
	at org.apache.tomcat.util.scan.StandardJarScanner.process(StandardJarScanner.java:374) [tomcat-embed-core-8.5.31.jar:8.5.31]
	at org.apache.tomcat.util.scan.StandardJarScanner.processURLs(StandardJarScanner.java:309) [tomcat-embed-core-8.5.31.jar:8.5.31]
	at org.apache.tomcat.util.scan.StandardJarScanner.doScanClassPath(StandardJarScanner.java:266) [tomcat-embed-core-8.5.31.jar:8.5.31]
	at org.apache.tomcat.util.scan.StandardJarScanner.scan(StandardJarScanner.java:229) [tomcat-embed-core-8.5.31.jar:8.5.31]
	at org.apache.jasper.servlet.TldScanner.scanJars(TldScanner.java:262) [tomcat-embed-jasper-8.5.31.jar:8.5.31]
	at org.apache.jasper.servlet.TldScanner.scan(TldScanner.java:104) [tomcat-embed-jasper-8.5.31.jar:8.5.31]
	at org.apache.jasper.servlet.JasperInitializer.onStartup(JasperInitializer.java:101) [tomcat-embed-jasper-8.5.31.jar:8.5.31]
	at org.apache.catalina.core.StandardContext.startInternal(StandardContext.java:5245) [tomcat-embed-core-8.5.31.jar:8.5.31]
	at org.apache.catalina.util.LifecycleBase.start(LifecycleBase.java:150) [tomcat-embed-core-8.5.31.jar:8.5.31]
	at org.apache.catalina.core.ContainerBase$StartChild.call(ContainerBase.java:1421) [tomcat-embed-core-8.5.31.jar:8.5.31]
	at org.apache.catalina.core.ContainerBase$StartChild.call(ContainerBase.java:1411) [tomcat-embed-core-8.5.31.jar:8.5.31]
	at java.util.concurrent.FutureTask.run(FutureTask.java:266) [na:1.8.0_171]
	at java.util.concurrent.ThreadPoolExecutor.runWorker(ThreadPoolExecutor.java:1149) [na:1.8.0_171]
	at java.util.concurrent.ThreadPoolExecutor$Worker.run(ThreadPoolExecutor.java:624) [na:1.8.0_171]
	at java.lang.Thread.run(Thread.java:748) [na:1.8.0_171]

2018-07-11 08:48:35.176  WARN 10337 --- [localhost-startStop-1] o.a.tomcat.util.scan.StandardJarScanner  : Failed to scan [file:/home/anh-khue/.m2/repository/org/apache/xmlgraphics/fop/1.0/xercesImpl.jar] from classloader hierarchy

java.io.FileNotFoundException: /home/anh-khue/.m2/repository/org/apache/xmlgraphics/fop/1.0/xercesImpl.jar (No such file or directory)
	at java.util.zip.ZipFile.open(Native Method) ~[na:1.8.0_171]
	at java.util.zip.ZipFile.<init>(ZipFile.java:225) ~[na:1.8.0_171]
	at java.util.zip.ZipFile.<init>(ZipFile.java:155) ~[na:1.8.0_171]
	at java.util.jar.JarFile.<init>(JarFile.java:166) ~[na:1.8.0_171]
	at java.util.jar.JarFile.<init>(JarFile.java:130) ~[na:1.8.0_171]
	at org.apache.tomcat.util.compat.JreCompat.jarFileNewInstance(JreCompat.java:188) ~[tomcat-embed-core-8.5.31.jar:8.5.31]
	at org.apache.tomcat.util.scan.JarFileUrlJar.<init>(JarFileUrlJar.java:65) ~[tomcat-embed-core-8.5.31.jar:8.5.31]
	at org.apache.tomcat.util.scan.JarFactory.newInstance(JarFactory.java:49) ~[tomcat-embed-core-8.5.31.jar:8.5.31]
	at org.apache.tomcat.util.scan.StandardJarScanner.process(StandardJarScanner.java:374) [tomcat-embed-core-8.5.31.jar:8.5.31]
	at org.apache.tomcat.util.scan.StandardJarScanner.processURLs(StandardJarScanner.java:309) [tomcat-embed-core-8.5.31.jar:8.5.31]
	at org.apache.tomcat.util.scan.StandardJarScanner.doScanClassPath(StandardJarScanner.java:266) [tomcat-embed-core-8.5.31.jar:8.5.31]
	at org.apache.tomcat.util.scan.StandardJarScanner.scan(StandardJarScanner.java:229) [tomcat-embed-core-8.5.31.jar:8.5.31]
	at org.apache.jasper.servlet.TldScanner.scanJars(TldScanner.java:262) [tomcat-embed-jasper-8.5.31.jar:8.5.31]
	at org.apache.jasper.servlet.TldScanner.scan(TldScanner.java:104) [tomcat-embed-jasper-8.5.31.jar:8.5.31]
	at org.apache.jasper.servlet.JasperInitializer.onStartup(JasperInitializer.java:101) [tomcat-embed-jasper-8.5.31.jar:8.5.31]
	at org.apache.catalina.core.StandardContext.startInternal(StandardContext.java:5245) [tomcat-embed-core-8.5.31.jar:8.5.31]
	at org.apache.catalina.util.LifecycleBase.start(LifecycleBase.java:150) [tomcat-embed-core-8.5.31.jar:8.5.31]
	at org.apache.catalina.core.ContainerBase$StartChild.call(ContainerBase.java:1421) [tomcat-embed-core-8.5.31.jar:8.5.31]
	at org.apache.catalina.core.ContainerBase$StartChild.call(ContainerBase.java:1411) [tomcat-embed-core-8.5.31.jar:8.5.31]
	at java.util.concurrent.FutureTask.run(FutureTask.java:266) [na:1.8.0_171]
	at java.util.concurrent.ThreadPoolExecutor.runWorker(ThreadPoolExecutor.java:1149) [na:1.8.0_171]
	at java.util.concurrent.ThreadPoolExecutor$Worker.run(ThreadPoolExecutor.java:624) [na:1.8.0_171]
	at java.lang.Thread.run(Thread.java:748) [na:1.8.0_171]

2018-07-11 08:48:35.176  WARN 10337 --- [localhost-startStop-1] o.a.tomcat.util.scan.StandardJarScanner  : Failed to scan [file:/home/anh-khue/.m2/repository/org/apache/xmlgraphics/fop/1.0/serializer.jar] from classloader hierarchy

java.io.FileNotFoundException: /home/anh-khue/.m2/repository/org/apache/xmlgraphics/fop/1.0/serializer.jar (No such file or directory)
	at java.util.zip.ZipFile.open(Native Method) ~[na:1.8.0_171]
	at java.util.zip.ZipFile.<init>(ZipFile.java:225) ~[na:1.8.0_171]
	at java.util.zip.ZipFile.<init>(ZipFile.java:155) ~[na:1.8.0_171]
	at java.util.jar.JarFile.<init>(JarFile.java:166) ~[na:1.8.0_171]
	at java.util.jar.JarFile.<init>(JarFile.java:130) ~[na:1.8.0_171]
	at org.apache.tomcat.util.compat.JreCompat.jarFileNewInstance(JreCompat.java:188) ~[tomcat-embed-core-8.5.31.jar:8.5.31]
	at org.apache.tomcat.util.scan.JarFileUrlJar.<init>(JarFileUrlJar.java:65) ~[tomcat-embed-core-8.5.31.jar:8.5.31]
	at org.apache.tomcat.util.scan.JarFactory.newInstance(JarFactory.java:49) ~[tomcat-embed-core-8.5.31.jar:8.5.31]
	at org.apache.tomcat.util.scan.StandardJarScanner.process(StandardJarScanner.java:374) [tomcat-embed-core-8.5.31.jar:8.5.31]
	at org.apache.tomcat.util.scan.StandardJarScanner.processURLs(StandardJarScanner.java:309) [tomcat-embed-core-8.5.31.jar:8.5.31]
	at org.apache.tomcat.util.scan.StandardJarScanner.doScanClassPath(StandardJarScanner.java:266) [tomcat-embed-core-8.5.31.jar:8.5.31]
	at org.apache.tomcat.util.scan.StandardJarScanner.scan(StandardJarScanner.java:229) [tomcat-embed-core-8.5.31.jar:8.5.31]
	at org.apache.jasper.servlet.TldScanner.scanJars(TldScanner.java:262) [tomcat-embed-jasper-8.5.31.jar:8.5.31]
	at org.apache.jasper.servlet.TldScanner.scan(TldScanner.java:104) [tomcat-embed-jasper-8.5.31.jar:8.5.31]
	at org.apache.jasper.servlet.JasperInitializer.onStartup(JasperInitializer.java:101) [tomcat-embed-jasper-8.5.31.jar:8.5.31]
	at org.apache.catalina.core.StandardContext.startInternal(StandardContext.java:5245) [tomcat-embed-core-8.5.31.jar:8.5.31]
	at org.apache.catalina.util.LifecycleBase.start(LifecycleBase.java:150) [tomcat-embed-core-8.5.31.jar:8.5.31]
	at org.apache.catalina.core.ContainerBase$StartChild.call(ContainerBase.java:1421) [tomcat-embed-core-8.5.31.jar:8.5.31]
	at org.apache.catalina.core.ContainerBase$StartChild.call(ContainerBase.java:1411) [tomcat-embed-core-8.5.31.jar:8.5.31]
	at java.util.concurrent.FutureTask.run(FutureTask.java:266) [na:1.8.0_171]
	at java.util.concurrent.ThreadPoolExecutor.runWorker(ThreadPoolExecutor.java:1149) [na:1.8.0_171]
	at java.util.concurrent.ThreadPoolExecutor$Worker.run(ThreadPoolExecutor.java:624) [na:1.8.0_171]
	at java.lang.Thread.run(Thread.java:748) [na:1.8.0_171]

2018-07-11 08:48:35.200  INFO 10337 --- [localhost-startStop-1] org.apache.jasper.servlet.TldScanner     : At least one JAR was scanned for TLDs yet contained no TLDs. Enable debug logging for this logger for a complete list of JARs that were scanned but no TLDs were found in them. Skipping unneeded JARs during scanning can improve startup time and JSP compilation time.
2018-07-11 08:48:35.206  INFO 10337 --- [localhost-startStop-1] o.a.c.c.C.[Tomcat].[localhost].[/]       : Initializing Spring embedded WebApplicationContext
2018-07-11 08:48:35.206  INFO 10337 --- [localhost-startStop-1] o.s.web.context.ContextLoader            : Root WebApplicationContext: initialization completed in 2870 ms
2018-07-11 08:48:35.315  INFO 10337 --- [localhost-startStop-1] o.s.b.w.servlet.ServletRegistrationBean  : Servlet dispatcherServlet mapped to [/]
2018-07-11 08:48:35.318  INFO 10337 --- [localhost-startStop-1] o.s.b.w.servlet.FilterRegistrationBean   : Mapping filter: 'characterEncodingFilter' to: [/*]
2018-07-11 08:48:35.318  INFO 10337 --- [localhost-startStop-1] o.s.b.w.servlet.FilterRegistrationBean   : Mapping filter: 'hiddenHttpMethodFilter' to: [/*]
2018-07-11 08:48:35.318  INFO 10337 --- [localhost-startStop-1] o.s.b.w.servlet.FilterRegistrationBean   : Mapping filter: 'httpPutFormContentFilter' to: [/*]
2018-07-11 08:48:35.319  INFO 10337 --- [localhost-startStop-1] o.s.b.w.servlet.FilterRegistrationBean   : Mapping filter: 'requestContextFilter' to: [/*]
2018-07-11 08:48:35.668  INFO 10337 --- [main] com.zaxxer.hikari.HikariDataSource       : HikariPool-1 - Starting...
2018-07-11 08:48:36.599  INFO 10337 --- [main] com.zaxxer.hikari.HikariDataSource       : HikariPool-1 - Start completed.
2018-07-11 08:48:36.714  INFO 10337 --- [main] j.LocalContainerEntityManagerFactoryBean : Building JPA container EntityManagerFactory for persistence unit 'default'
2018-07-11 08:48:36.736  INFO 10337 --- [main] o.hibernate.jpa.internal.util.LogHelper  : HHH000204: Processing PersistenceUnitInfo [
	name: default
	...]
2018-07-11 08:48:36.875  INFO 10337 --- [main] org.hibernate.Version                    : HHH000412: Hibernate Core {5.2.17.Final}
2018-07-11 08:48:36.881  INFO 10337 --- [main] org.hibernate.cfg.Environment            : HHH000206: hibernate.properties not found
2018-07-11 08:48:36.947  INFO 10337 --- [main] o.hibernate.annotations.common.Version   : HCANN000001: Hibernate Commons Annotations {5.0.1.Final}
2018-07-11 08:48:37.116  INFO 10337 --- [main] org.hibernate.dialect.Dialect            : HHH000400: Using dialect: org.hibernate.dialect.MySQL5Dialect
2018-07-11 08:48:37.717  INFO 10337 --- [main] j.LocalContainerEntityManagerFactoryBean : Initialized JPA EntityManagerFactory for persistence unit 'default'
2018-07-11 08:48:38.528  INFO 10337 --- [main] o.s.w.s.handler.SimpleUrlHandlerMapping  : Mapped URL path [/**/favicon.ico] onto handler of type [class org.springframework.web.servlet.resource.ResourceHttpRequestHandler]
2018-07-11 08:48:38.710  INFO 10337 --- [main] s.w.s.m.m.a.RequestMappingHandlerAdapter : Looking for @ControllerAdvice: org.springframework.boot.web.servlet.context.AnnotationConfigServletWebServerApplicationContext@1fe20588: startup date [Wed Jul 11 08:48:32 ICT 2018]; root of context hierarchy
2018-07-11 08:48:38.733  WARN 10337 --- [main] aWebConfiguration$JpaWebMvcConfiguration : spring.jpa.open-in-view is enabled by default. Therefore, database queries may be performed during view rendering. Explicitly configure spring.jpa.open-in-view to disable this warning
2018-07-11 08:48:38.758  INFO 10337 --- [main] s.w.s.m.m.a.RequestMappingHandlerMapping : Mapped "{[/sign-in],methods=[POST]}" onto public org.springframework.http.ResponseEntity io.anhkhue.more.controllers.apis.AccountController.authenticate(javax.servlet.http.HttpServletRequest,java.lang.String,java.lang.String)
2018-07-11 08:48:38.759  INFO 10337 --- [main] s.w.s.m.m.a.RequestMappingHandlerMapping : Mapped "{[/sign-up],methods=[POST]}" onto public org.springframework.http.ResponseEntity io.anhkhue.more.controllers.apis.AccountController.signUp(javax.servlet.http.HttpServletRequest,io.anhkhue.more.models.dto.Account)
2018-07-11 08:48:38.759  INFO 10337 --- [main] s.w.s.m.m.a.RequestMappingHandlerMapping : Mapped "{[/admin/crawler],methods=[POST]}" onto public org.springframework.http.ResponseEntity io.anhkhue.more.controllers.apis.CrawlerController.handleCrawlers(java.lang.String)
2018-07-11 08:48:38.762  INFO 10337 --- [main] s.w.s.m.m.a.RequestMappingHandlerMapping : Mapped "{[/movies],methods=[GET],produces=[application/xml]}" onto public org.springframework.http.ResponseEntity io.anhkhue.more.controllers.apis.MovieController.getAll()
2018-07-11 08:48:38.762  INFO 10337 --- [main] s.w.s.m.m.a.RequestMappingHandlerMapping : Mapped "{[/movies/coming/page={page}&no={number}],methods=[GET],produces=[application/xml]}" onto public org.springframework.http.ResponseEntity io.anhkhue.more.controllers.apis.MovieController.getComingMoviesByPage(java.lang.String,java.lang.String)
2018-07-11 08:48:38.762  INFO 10337 --- [main] s.w.s.m.m.a.RequestMappingHandlerMapping : Mapped "{[/movies/search/page={page}&no={number}],methods=[GET],produces=[application/xml]}" onto public org.springframework.http.ResponseEntity io.anhkhue.more.controllers.apis.MovieController.searchMoviesByTitle(java.lang.String,java.lang.String,java.lang.String)
2018-07-11 08:48:38.763  INFO 10337 --- [main] s.w.s.m.m.a.RequestMappingHandlerMapping : Mapped "{[/movies/{id}/rate],methods=[POST]}" onto public org.springframework.http.ResponseEntity io.anhkhue.more.controllers.apis.MovieController.rateMovie(javax.servlet.http.HttpServletRequest,java.lang.String,java.lang.String)
2018-07-11 08:48:38.763  INFO 10337 --- [main] s.w.s.m.m.a.RequestMappingHandlerMapping : Mapped "{[/movies/{id}/recommended],methods=[GET],produces=[application/xml]}" onto public org.springframework.http.ResponseEntity io.anhkhue.more.controllers.apis.MovieController.getSimilarMovies(java.lang.String)
2018-07-11 08:48:38.763  INFO 10337 --- [main] s.w.s.m.m.a.RequestMappingHandlerMapping : Mapped "{[/movies/{id}/high-vote],methods=[GET],produces=[application/xml]}" onto public org.springframework.http.ResponseEntity io.anhkhue.more.controllers.apis.MovieController.getHighVote(java.lang.String)
2018-07-11 08:48:38.764  INFO 10337 --- [main] s.w.s.m.m.a.RequestMappingHandlerMapping : Mapped "{[/movies/recommended/page={page}&no={number}],methods=[GET],produces=[application/xml]}" onto public org.springframework.http.ResponseEntity io.anhkhue.more.controllers.apis.MovieController.getRecommendationMovies(javax.servlet.http.HttpServletRequest,java.lang.String,java.lang.String)
2018-07-11 08:48:38.764  INFO 10337 --- [main] s.w.s.m.m.a.RequestMappingHandlerMapping : Mapped "{[/movies/top/page={page}&no={number}],methods=[GET],produces=[application/xml]}" onto public org.springframework.http.ResponseEntity io.anhkhue.more.controllers.apis.MovieController.getTopNewMoviesByPage(java.lang.String,java.lang.String)
2018-07-11 08:48:38.764  INFO 10337 --- [main] s.w.s.m.m.a.RequestMappingHandlerMapping : Mapped "{[/vendor],methods=[POST]}" onto public org.springframework.http.ResponseEntity io.anhkhue.more.controllers.apis.VendorController.signUp(javax.servlet.http.HttpServletRequest,io.anhkhue.more.models.custom.VendorWrapper)
2018-07-11 08:48:38.765  INFO 10337 --- [main] s.w.s.m.m.a.RequestMappingHandlerMapping : Mapped "{[/*/errors/no-movies-to-report]}" onto public org.springframework.web.servlet.ModelAndView io.anhkhue.more.controllers.routers.ErrorRouter.noMovieToReport()
2018-07-11 08:48:38.765  INFO 10337 --- [main] s.w.s.m.m.a.RequestMappingHandlerMapping : Mapped "{[/*/errors/unauthorized]}" onto public org.springframework.web.servlet.ModelAndView io.anhkhue.more.controllers.routers.ErrorRouter.unauthorized()
2018-07-11 08:48:38.765  INFO 10337 --- [main] s.w.s.m.m.a.RequestMappingHandlerMapping : Mapped "{[/errors]}" onto public org.springframework.web.servlet.ModelAndView io.anhkhue.more.controllers.routers.ErrorRouter.errorPage(javax.servlet.http.HttpServletRequest)
2018-07-11 08:48:38.769  INFO 10337 --- [main] s.w.s.m.m.a.RequestMappingHandlerMapping : Mapped "{[/vendor/ranking-report],methods=[GET]}" onto public void io.anhkhue.more.controllers.routers.PageRouter.generateRankingReport(javax.servlet.http.HttpServletRequest,javax.servlet.http.HttpServletResponse) throws javax.xml.bind.JAXBException,javax.xml.transform.TransformerException,org.xml.sax.SAXException,java.io.IOException,javax.servlet.ServletException
2018-07-11 08:48:38.770  INFO 10337 --- [main] s.w.s.m.m.a.RequestMappingHandlerMapping : Mapped "{[/ || /trang-chu],methods=[GET]}" onto public org.springframework.web.servlet.ModelAndView io.anhkhue.more.controllers.routers.PageRouter.goHome()
2018-07-11 08:48:38.770  INFO 10337 --- [main] s.w.s.m.m.a.RequestMappingHandlerMapping : Mapped "{[/phim-moi],methods=[GET]}" onto public org.springframework.web.servlet.ModelAndView io.anhkhue.more.controllers.routers.PageRouter.goNewMovies(javax.servlet.http.HttpServletRequest)
2018-07-11 08:48:38.770  INFO 10337 --- [main] s.w.s.m.m.a.RequestMappingHandlerMapping : Mapped "{[/sap-ra-mat],methods=[GET]}" onto public org.springframework.web.servlet.ModelAndView io.anhkhue.more.controllers.routers.PageRouter.goComingMovies(javax.servlet.http.HttpServletRequest)
2018-07-11 08:48:38.771  INFO 10337 --- [main] s.w.s.m.m.a.RequestMappingHandlerMapping : Mapped "{[/danh-cho-ban],methods=[GET]}" onto public org.springframework.web.servlet.ModelAndView io.anhkhue.more.controllers.routers.PageRouter.goRecommended(javax.servlet.http.HttpServletRequest)
2018-07-11 08:48:38.771  INFO 10337 --- [main] s.w.s.m.m.a.RequestMappingHandlerMapping : Mapped "{[/tim-kiem],methods=[GET]}" onto public org.springframework.web.servlet.ModelAndView io.anhkhue.more.controllers.routers.PageRouter.goSearch(javax.servlet.http.HttpServletRequest)
2018-07-11 08:48:38.771  INFO 10337 --- [main] s.w.s.m.m.a.RequestMappingHandlerMapping : Mapped "{[/phim/{id}],methods=[GET]}" onto public org.springframework.web.servlet.ModelAndView io.anhkhue.more.controllers.routers.PageRouter.goDetail(javax.servlet.http.HttpServletRequest,java.lang.String)
2018-07-11 08:48:38.771  INFO 10337 --- [main] s.w.s.m.m.a.RequestMappingHandlerMapping : Mapped "{[/dang-nhap],methods=[GET]}" onto public org.springframework.web.servlet.ModelAndView io.anhkhue.more.controllers.routers.PageRouter.goSignIn()
2018-07-11 08:48:38.771  INFO 10337 --- [main] s.w.s.m.m.a.RequestMappingHandlerMapping : Mapped "{[/dang-ky],methods=[GET]}" onto public org.springframework.web.servlet.ModelAndView io.anhkhue.more.controllers.routers.PageRouter.goSignUp()
2018-07-11 08:48:38.772  INFO 10337 --- [main] s.w.s.m.m.a.RequestMappingHandlerMapping : Mapped "{[/dang-xuat],methods=[GET]}" onto public org.springframework.web.servlet.ModelAndView io.anhkhue.more.controllers.routers.PageRouter.signOut(javax.servlet.http.HttpServletRequest)
2018-07-11 08:48:38.772  INFO 10337 --- [main] s.w.s.m.m.a.RequestMappingHandlerMapping : Mapped "{[/admin/crawler-switch],methods=[GET]}" onto public org.springframework.web.servlet.ModelAndView io.anhkhue.more.controllers.routers.PageRouter.goCrawlerSwitch(javax.servlet.http.HttpServletRequest)
2018-07-11 08:48:38.772  INFO 10337 --- [main] s.w.s.m.m.a.RequestMappingHandlerMapping : Mapped "{[/admin/vendor-manager],methods=[GET]}" onto public org.springframework.web.servlet.ModelAndView io.anhkhue.more.controllers.routers.PageRouter.goVendorManager(javax.servlet.http.HttpServletRequest)
2018-07-11 08:48:38.772  INFO 10337 --- [main] s.w.s.m.m.a.RequestMappingHandlerMapping : Mapped "{[/vendor/coming-prediction],methods=[GET]}" onto public void io.anhkhue.more.controllers.routers.PageRouter.generatePredictionReport(javax.servlet.http.HttpServletRequest,javax.servlet.http.HttpServletResponse) throws javax.xml.bind.JAXBException,javax.xml.transform.TransformerException,org.xml.sax.SAXException,java.io.IOException,javax.servlet.ServletException
2018-07-11 08:48:38.797  INFO 10337 --- [main] o.s.w.s.handler.SimpleUrlHandlerMapping  : Mapped URL path [/webjars/**] onto handler of type [class org.springframework.web.servlet.resource.ResourceHttpRequestHandler]
2018-07-11 08:48:38.798  INFO 10337 --- [main] o.s.w.s.handler.SimpleUrlHandlerMapping  : Mapped URL path [/**] onto handler of type [class org.springframework.web.servlet.resource.ResourceHttpRequestHandler]
2018-07-11 08:48:39.084  INFO 10337 --- [main] o.s.j.e.a.AnnotationMBeanExporter        : Registering beans for JMX exposure on startup
2018-07-11 08:48:39.086  INFO 10337 --- [main] o.s.j.e.a.AnnotationMBeanExporter        : Bean with name 'dataSource' has been autodetected for JMX exposure
2018-07-11 08:48:39.093  INFO 10337 --- [main] o.s.j.e.a.AnnotationMBeanExporter        : Located MBean 'dataSource': registering with JMX server as MBean [com.zaxxer.hikari:name=dataSource,type=HikariDataSource]
2018-07-11 08:48:39.189  INFO 10337 --- [main] o.s.b.w.embedded.tomcat.TomcatWebServer  : Tomcat started on port(s): 8080 (http) with context path ''
2018-07-11 08:48:39.193  INFO 10337 --- [main] io.anhkhue.more.MoreApplication          : Started MoreApplication in 7.61 seconds (JVM running for 10.091)
2018-07-11 08:48:58.114  INFO 10337 --- [http-nio-8080-exec-1] o.a.c.c.C.[Tomcat].[localhost].[/]       : Initializing Spring FrameworkServlet 'dispatcherServlet'
2018-07-11 08:48:58.114  INFO 10337 --- [http-nio-8080-exec-1] o.s.web.servlet.DispatcherServlet        : FrameworkServlet 'dispatcherServlet': initialization started
2018-07-11 08:48:58.125  INFO 10337 --- [http-nio-8080-exec-1] o.s.web.servlet.DispatcherServlet        : FrameworkServlet 'dispatcherServlet': initialization completed in 11 ms
2018-07-11 08:48:59.507  INFO 10337 --- [http-nio-8080-exec-3] o.h.h.i.QueryTranslatorFactoryInitiator  : HHH000397: Using ASTQueryTranslatorFactory
2018-07-11 08:50:00.234  INFO 10337 --- [Thread-19] com.zaxxer.hikari.HikariDataSource       : HikariPool-1 - Shutdown initiated...
2018-07-11 08:50:00.238  INFO 10337 --- [Thread-19] com.zaxxer.hikari.HikariDataSource       : HikariPool-1 - Shutdown completed.
